<?xml version="1.0" encoding="UTF-8"?>
<testng-results skipped="0" failed="0" ignored="0" total="1" passed="1">
  <reporter-output>
  </reporter-output>
  <suite name="Default suite" duration-ms="8577" started-at="2018-02-06T04:45:57Z" finished-at="2018-02-06T04:46:06Z">
    <groups>
    </groups>
    <test name="Default test" duration-ms="8577" started-at="2018-02-06T04:45:57Z" finished-at="2018-02-06T04:46:06Z">
      <class name="WTA_Tests.RegisterTest">
        <test-method status="PASS" signature="beforeSuite()[pri:0, instance:WTA_Tests.RegisterTest@cb5822]" name="beforeSuite" is-config="true" duration-ms="9" started-at="2018-02-05T20:45:57Z" finished-at="2018-02-05T20:45:57Z">
          <reporter-output>
          </reporter-output>
        </test-method> <!-- beforeSuite -->
        <test-method status="PASS" signature="beforeTest()[pri:0, instance:WTA_Tests.RegisterTest@cb5822]" name="beforeTest" is-config="true" duration-ms="1" started-at="2018-02-05T20:45:57Z" finished-at="2018-02-05T20:45:57Z">
          <reporter-output>
          </reporter-output>
        </test-method> <!-- beforeTest -->
        <test-method status="PASS" signature="beforeClass()[pri:0, instance:WTA_Tests.RegisterTest@cb5822]" name="beforeClass" is-config="true" duration-ms="5736" started-at="2018-02-05T20:45:57Z" finished-at="2018-02-05T20:46:03Z">
          <reporter-output>
          </reporter-output>
        </test-method> <!-- beforeClass -->
        <test-method status="PASS" signature="beforeMethod()[pri:0, instance:WTA_Tests.RegisterTest@cb5822]" name="beforeMethod" is-config="true" duration-ms="0" started-at="2018-02-05T20:46:03Z" finished-at="2018-02-05T20:46:03Z">
          <reporter-output>
          </reporter-output>
        </test-method> <!-- beforeMethod -->
        <test-method status="PASS" signature="SignUp()[pri:0, instance:WTA_Tests.RegisterTest@cb5822]" name="SignUp" duration-ms="2823" started-at="2018-02-05T20:46:03Z" finished-at="2018-02-05T20:46:06Z">
          <reporter-output>
          </reporter-output>
        </test-method> <!-- SignUp -->
        <test-method status="PASS" signature="afterMethod()[pri:0, instance:WTA_Tests.RegisterTest@cb5822]" name="afterMethod" is-config="true" duration-ms="1" started-at="2018-02-05T20:46:06Z" finished-at="2018-02-05T20:46:06Z">
          <reporter-output>
          </reporter-output>
        </test-method> <!-- afterMethod -->
        <test-method status="PASS" signature="afterClass()[pri:0, instance:WTA_Tests.RegisterTest@cb5822]" name="afterClass" is-config="true" duration-ms="0" started-at="2018-02-05T20:46:06Z" finished-at="2018-02-05T20:46:06Z">
          <reporter-output>
          </reporter-output>
        </test-method> <!-- afterClass -->
        <test-method status="PASS" signature="afterTest()[pri:0, instance:WTA_Tests.RegisterTest@cb5822]" name="afterTest" is-config="true" duration-ms="0" started-at="2018-02-05T20:46:06Z" finished-at="2018-02-05T20:46:06Z">
          <reporter-output>
          </reporter-output>
        </test-method> <!-- afterTest -->
        <test-method status="PASS" signature="afterSuite()[pri:0, instance:WTA_Tests.RegisterTest@cb5822]" name="afterSuite" is-config="true" duration-ms="1" started-at="2018-02-05T20:46:06Z" finished-at="2018-02-05T20:46:06Z">
          <reporter-output>
          </reporter-output>
        </test-method> <!-- afterSuite -->
      </class> <!-- WTA_Tests.RegisterTest -->
    </test> <!-- Default test -->
  </suite> <!-- Default suite -->
</testng-results>
